[debug] [2025-03-12T19:34:56.204Z] ----------------------------------------------------------------------
[debug] [2025-03-12T19:34:56.207Z] Command:       C:\Program Files\nodejs\node.exe C:\Users\PC\AppData\Roaming\npm\node_modules\firebase-tools\lib\bin\firebase.js init firestore
[debug] [2025-03-12T19:34:56.207Z] CLI Version:   13.34.0
[debug] [2025-03-12T19:34:56.207Z] Platform:      win32
[debug] [2025-03-12T19:34:56.207Z] Node Version:  v22.14.0
[debug] [2025-03-12T19:34:56.208Z] Time:          Wed Mar 12 2025 20:34:56 GMT+0100 (heure normale d’Europe centrale)
[debug] [2025-03-12T19:34:56.208Z] ----------------------------------------------------------------------
[debug] 
[debug] [2025-03-12T19:34:56.212Z] > command requires scopes: ["email","openid","https://www.googleapis.com/auth/cloudplatformprojects.readonly","https://www.googleapis.com/auth/firebase","https://www.googleapis.com/auth/cloud-platform"]
[debug] [2025-03-12T19:34:56.212Z] > authorizing via signed-in user (valentin.gouverneur@gmail.com)
[info] 
     ######## #### ########  ######## ########     ###     ######  ########
     ##        ##  ##     ## ##       ##     ##  ##   ##  ##       ##
     ######    ##  ########  ######   ########  #########  ######  ######
     ##        ##  ##    ##  ##       ##     ## ##     ##       ## ##
     ##       #### ##     ## ######## ########  ##     ##  ######  ########

You're about to initialize a Firebase project in this directory:

  C:\web\progCalgary

Before we get started, keep in mind:

  * You are currently outside your home directory

[info] 
=== Project Setup
[info] 
[info] First, let's associate this project directory with a Firebase project.
[info] You can create multiple project aliases by running firebase use --add, 
[info] but for now we'll just set up a default project.
[info] 
